04:30:11.309 [main] INFO  resources.base - Driver is initialized
04:30:25.098 [main] INFO  resources.base - Navigated to the URL
04:30:26.198 [main] INFO  resources.base - Drop-down Clicked
04:30:29.478 [main] INFO  resources.base - Drop-down Asserted Successfully
04:30:30.220 [main] INFO  resources.base - Radio Button Clicked
04:30:30.299 [main] INFO  resources.base - Radio Button Asserted Successfully
04:30:30.855 [main] INFO  resources.base - Open New Tab Button Clicked
04:30:30.949 [main] INFO  resources.base - Switched to another window
04:30:39.630 [main] INFO  resources.base - back to main window
04:30:39.631 [main] INFO  resources.base - Open New Tab Button Asserted Successfully
04:30:39.876 [main] INFO  resources.base - Disable Button Clicked
04:30:40.242 [main] INFO  resources.base - Disable Button Asserted Successfully
04:30:41.104 [main] INFO  resources.base - Name entered in name box
04:30:42.608 [main] INFO  resources.base - Confirm Button Clicked
04:30:43.666 [main] INFO  resources.base - Confirm Button Asserted Successfully
04:30:44.234 [main] INFO  resources.base - Name entered in name box
04:30:45.647 [main] INFO  resources.base - Alert Button Clicked
04:30:46.729 [main] INFO  resources.base - Alert Button Asserted Successfully
04:30:47.517 [main] INFO  resources.base - Enable Button Clicked
04:30:48.007 [main] INFO  resources.base - Enable Button Asserted Successfully
04:30:48.174 [main] INFO  resources.base - Window scrolled to make webtable visible
04:30:48.758 [main] INFO  resources.base - Price of WebTable content Asserted Successfully
04:30:49.269 [main] INFO  resources.base - Show Button Clicked
04:30:49.833 [main] INFO  resources.base - Show Button Asserted Successfully
04:30:50.324 [main] INFO  resources.base - Hide Button Clicked
04:30:50.429 [main] INFO  resources.base - Hide Button Asserted Successfully
04:30:54.149 [main] INFO  resources.base - Mouse Hovering
04:31:00.114 [main] INFO  resources.base - Reload Option Clicked from dropdown
